<?xml version="1.0" encoding="UTF-8"?>
<!-- Generated by org.testng.reporters.JUnitReportReporter -->
<testsuite hostname="DESKTOP-62F1I6C" failures="0" tests="3" name="com.cura.runners.TestRunner" time="64.594" errors="0" timestamp="2024-08-20T14:59:02 IST" skipped="0">
  <testcase classname="com.cura.runners.TestRunner" name="runScenario" time="19.024"/>
  <system-out/>
  <testcase classname="com.cura.runners.TestRunner" name="runScenario" time="25.580"/>
  <system-out/>
  <testcase classname="com.cura.runners.TestRunner" name="runScenario" time="19.990"/>
  <system-out/>
</testsuite> <!-- com.cura.runners.TestRunner -->
