<?xml version="1.0" encoding="UTF-8"?>
<!-- Generated by org.testng.reporters.JUnitReportReporter -->
<testsuite hostname="DESKTOP-62F1I6C" failures="0" tests="2" name="com.cura.runners.TestRunner" time="20.169" errors="0" timestamp="2024-08-17T16:19:15 IST" skipped="0">
  <testcase classname="com.cura.runners.TestRunner" name="runScenario" time="11.710"/>
  <system-out/>
  <testcase classname="com.cura.runners.TestRunner" name="runScenario" time="8.459"/>
  <system-out/>
</testsuite> <!-- com.cura.runners.TestRunner -->
